<?xml version="1.0" encoding="UTF-8"?>
<coverage generated="1775318724009" clover="3.2.0">
  <project timestamp="1775318724009" name="All files">
    <metrics statements="36" coveredstatements="36" conditionals="4" coveredconditionals="4" methods="17" coveredmethods="17" elements="57" coveredelements="57" complexity="0" loc="36" ncloc="36" packages="1" files="4" classes="4"/>
    <file name="Expense.ts" path="C:\Users\ryrco\OneDrive\Desktop\Proyecto 1 typescript\src\main\Expense.ts">
      <metrics statements="6" coveredstatements="6" conditionals="0" coveredconditionals="0" methods="3" coveredmethods="3"/>
      <line num="1" count="3" type="stmt"/>
      <line num="2" count="3" type="stmt"/>
      <line num="6" count="4" type="stmt"/>
      <line num="7" count="4" type="stmt"/>
      <line num="11" count="7" type="stmt"/>
      <line num="15" count="1" type="stmt"/>
    </file>
    <file name="Income.ts" path="C:\Users\ryrco\OneDrive\Desktop\Proyecto 1 typescript\src\main\Income.ts">
      <metrics statements="6" coveredstatements="6" conditionals="0" coveredconditionals="0" methods="3" coveredmethods="3"/>
      <line num="1" count="3" type="stmt"/>
      <line num="2" count="3" type="stmt"/>
      <line num="6" count="6" type="stmt"/>
      <line num="7" count="6" type="stmt"/>
      <line num="11" count="10" type="stmt"/>
      <line num="15" count="1" type="stmt"/>
    </file>
    <file name="Payment.ts" path="C:\Users\ryrco\OneDrive\Desktop\Proyecto 1 typescript\src\main\Payment.ts">
      <metrics statements="9" coveredstatements="9" conditionals="0" coveredconditionals="0" methods="5" coveredmethods="5"/>
      <line num="1" count="4" type="stmt"/>
      <line num="8" count="10" type="stmt"/>
      <line num="9" count="10" type="stmt"/>
      <line num="10" count="10" type="stmt"/>
      <line num="11" count="10" type="stmt"/>
      <line num="15" count="10" type="stmt"/>
      <line num="19" count="2" type="stmt"/>
      <line num="22" count="4" type="stmt"/>
      <line num="25" count="2" type="stmt"/>
    </file>
    <file name="PaymentService.ts" path="C:\Users\ryrco\OneDrive\Desktop\Proyecto 1 typescript\src\main\PaymentService.ts">
      <metrics statements="15" coveredstatements="15" conditionals="4" coveredconditionals="4" methods="6" coveredmethods="6"/>
      <line num="2" count="1" type="stmt"/>
      <line num="5" count="2" type="stmt"/>
      <line num="9" count="6" type="stmt"/>
      <line num="13" count="1" type="stmt"/>
      <line num="17" count="2" type="stmt"/>
      <line num="19" count="2" type="stmt"/>
      <line num="20" count="6" type="cond" truecount="2" falsecount="0"/>
      <line num="21" count="4" type="stmt"/>
      <line num="25" count="2" type="stmt"/>
      <line num="29" count="2" type="stmt"/>
      <line num="31" count="2" type="stmt"/>
      <line num="32" count="6" type="cond" truecount="2" falsecount="0"/>
      <line num="33" count="2" type="stmt"/>
      <line num="37" count="2" type="stmt"/>
      <line num="41" count="1" type="stmt"/>
    </file>
  </project>
</coverage>
