{"C:\\Users\\ryrco\\OneDrive\\Desktop\\Proyecto 1 typescript\\src\\main\\Expense.ts": {"path":"C:\\Users\\ryrco\\OneDrive\\Desktop\\Proyecto 1 typescript\\src\\main\\Expense.ts","statementMap":{"0":{"start":{"line":1,"column":0},"end":{"line":1,"column":36}},"1":{"start":{"line":6,"column":8},"end":{"line":6,"column":45}},"2":{"start":{"line":7,"column":8},"end":{"line":7,"column":33}},"3":{"start":{"line":11,"column":8},"end":{"line":11,"column":25}},"4":{"start":{"line":15,"column":8},"end":{"line":15,"column":29}},"5":{"start":{"line":2,"column":0},"end":{"line":2,"column":13}}},"fnMap":{"0":{"name":"(anonymous_0)","decl":{"start":{"line":5,"column":4},"end":{"line":5,"column":16}},"loc":{"start":{"line":5,"column":93},"end":{"line":8,"column":5}}},"1":{"name":"(anonymous_1)","decl":{"start":{"line":10,"column":11},"end":{"line":10,"column":18}},"loc":{"start":{"line":10,"column":18},"end":{"line":12,"column":5}}},"2":{"name":"(anonymous_2)","decl":{"start":{"line":14,"column":11},"end":{"line":14,"column":22}},"loc":{"start":{"line":14,"column":22},"end":{"line":16,"column":5}}}},"branchMap":{},"s":{"0":3,"1":4,"2":4,"3":7,"4":1,"5":3},"f":{"0":4,"1":7,"2":1},"b":{}}
,"C:\\Users\\ryrco\\OneDrive\\Desktop\\Proyecto 1 typescript\\src\\main\\Income.ts": {"path":"C:\\Users\\ryrco\\OneDrive\\Desktop\\Proyecto 1 typescript\\src\\main\\Income.ts","statementMap":{"0":{"start":{"line":1,"column":0},"end":{"line":1,"column":36}},"1":{"start":{"line":6,"column":8},"end":{"line":6,"column":45}},"2":{"start":{"line":7,"column":8},"end":{"line":7,"column":29}},"3":{"start":{"line":11,"column":8},"end":{"line":11,"column":24}},"4":{"start":{"line":15,"column":8},"end":{"line":15,"column":27}},"5":{"start":{"line":2,"column":0},"end":{"line":2,"column":13}}},"fnMap":{"0":{"name":"(anonymous_0)","decl":{"start":{"line":5,"column":4},"end":{"line":5,"column":16}},"loc":{"start":{"line":5,"column":91},"end":{"line":8,"column":5}}},"1":{"name":"(anonymous_1)","decl":{"start":{"line":10,"column":11},"end":{"line":10,"column":18}},"loc":{"start":{"line":10,"column":18},"end":{"line":12,"column":5}}},"2":{"name":"(anonymous_2)","decl":{"start":{"line":14,"column":11},"end":{"line":14,"column":20}},"loc":{"start":{"line":14,"column":20},"end":{"line":16,"column":5}}}},"branchMap":{},"s":{"0":3,"1":6,"2":6,"3":10,"4":1,"5":3},"f":{"0":6,"1":10,"2":1},"b":{}}
,"C:\\Users\\ryrco\\OneDrive\\Desktop\\Proyecto 1 typescript\\src\\main\\Payment.ts": {"path":"C:\\Users\\ryrco\\OneDrive\\Desktop\\Proyecto 1 typescript\\src\\main\\Payment.ts","statementMap":{"0":{"start":{"line":8,"column":8},"end":{"line":8,"column":29}},"1":{"start":{"line":9,"column":8},"end":{"line":9,"column":21}},"2":{"start":{"line":10,"column":8},"end":{"line":10,"column":39}},"3":{"start":{"line":11,"column":8},"end":{"line":11,"column":25}},"4":{"start":{"line":15,"column":8},"end":{"line":15,"column":27}},"5":{"start":{"line":19,"column":8},"end":{"line":19,"column":23}},"6":{"start":{"line":22,"column":8},"end":{"line":22,"column":32}},"7":{"start":{"line":25,"column":8},"end":{"line":25,"column":25}},"8":{"start":{"line":1,"column":0},"end":{"line":1,"column":22}}},"fnMap":{"0":{"name":"(anonymous_0)","decl":{"start":{"line":7,"column":4},"end":{"line":7,"column":16}},"loc":{"start":{"line":7,"column":75},"end":{"line":12,"column":5}}},"1":{"name":"(anonymous_1)","decl":{"start":{"line":14,"column":11},"end":{"line":14,"column":20}},"loc":{"start":{"line":14,"column":20},"end":{"line":16,"column":5}}},"2":{"name":"(anonymous_2)","decl":{"start":{"line":18,"column":11},"end":{"line":18,"column":16}},"loc":{"start":{"line":18,"column":16},"end":{"line":20,"column":5}}},"3":{"name":"(anonymous_3)","decl":{"start":{"line":21,"column":11},"end":{"line":21,"column":25}},"loc":{"start":{"line":21,"column":25},"end":{"line":23,"column":5}}},"4":{"name":"(anonymous_4)","decl":{"start":{"line":24,"column":11},"end":{"line":24,"column":18}},"loc":{"start":{"line":24,"column":18},"end":{"line":26,"column":5}}}},"branchMap":{},"s":{"0":10,"1":10,"2":10,"3":10,"4":10,"5":2,"6":4,"7":2,"8":4},"f":{"0":10,"1":10,"2":2,"3":4,"4":2},"b":{}}
,"C:\\Users\\ryrco\\OneDrive\\Desktop\\Proyecto 1 typescript\\src\\main\\PaymentService.ts": {"path":"C:\\Users\\ryrco\\OneDrive\\Desktop\\Proyecto 1 typescript\\src\\main\\PaymentService.ts","statementMap":{"0":{"start":{"line":5,"column":8},"end":{"line":5,"column":27}},"1":{"start":{"line":9,"column":8},"end":{"line":9,"column":36}},"2":{"start":{"line":13,"column":8},"end":{"line":13,"column":29}},"3":{"start":{"line":17,"column":26},"end":{"line":17,"column":27}},"4":{"start":{"line":19,"column":8},"end":{"line":23,"column":9}},"5":{"start":{"line":20,"column":12},"end":{"line":22,"column":13}},"6":{"start":{"line":21,"column":16},"end":{"line":21,"column":51}},"7":{"start":{"line":25,"column":8},"end":{"line":25,"column":27}},"8":{"start":{"line":29,"column":27},"end":{"line":29,"column":28}},"9":{"start":{"line":31,"column":8},"end":{"line":35,"column":9}},"10":{"start":{"line":32,"column":12},"end":{"line":34,"column":13}},"11":{"start":{"line":33,"column":16},"end":{"line":33,"column":52}},"12":{"start":{"line":37,"column":8},"end":{"line":37,"column":28}},"13":{"start":{"line":41,"column":8},"end":{"line":41,"column":62}},"14":{"start":{"line":2,"column":0},"end":{"line":2,"column":13}}},"fnMap":{"0":{"name":"(anonymous_0)","decl":{"start":{"line":4,"column":4},"end":{"line":4,"column":null}},"loc":{"start":{"line":4,"column":4},"end":{"line":6,"column":5}}},"1":{"name":"(anonymous_1)","decl":{"start":{"line":8,"column":11},"end":{"line":8,"column":21}},"loc":{"start":{"line":8,"column":38},"end":{"line":10,"column":5}}},"2":{"name":"(anonymous_2)","decl":{"start":{"line":12,"column":11},"end":{"line":12,"column":22}},"loc":{"start":{"line":12,"column":22},"end":{"line":14,"column":5}}},"3":{"name":"(anonymous_3)","decl":{"start":{"line":16,"column":11},"end":{"line":16,"column":25}},"loc":{"start":{"line":16,"column":25},"end":{"line":26,"column":5}}},"4":{"name":"(anonymous_4)","decl":{"start":{"line":28,"column":11},"end":{"line":28,"column":26}},"loc":{"start":{"line":28,"column":26},"end":{"line":38,"column":5}}},"5":{"name":"(anonymous_5)","decl":{"start":{"line":40,"column":11},"end":{"line":40,"column":21}},"loc":{"start":{"line":40,"column":21},"end":{"line":42,"column":5}}}},"branchMap":{"0":{"loc":{"start":{"line":20,"column":12},"end":{"line":22,"column":13}},"type":"if","locations":[{"start":{"line":20,"column":12},"end":{"line":22,"column":13}},{"start":{},"end":{}}]},"1":{"loc":{"start":{"line":32,"column":12},"end":{"line":34,"column":13}},"type":"if","locations":[{"start":{"line":32,"column":12},"end":{"line":34,"column":13}},{"start":{},"end":{}}]}},"s":{"0":2,"1":6,"2":1,"3":2,"4":2,"5":6,"6":4,"7":2,"8":2,"9":2,"10":6,"11":2,"12":2,"13":1,"14":1},"f":{"0":2,"1":6,"2":1,"3":2,"4":2,"5":1},"b":{"0":[4,2],"1":[2,4]}}
}
