{"C:\\Users\\ryrco\\OneDrive\\Desktop\\Proyecto 1 typescript\\src\\main\\Expense.ts": {"path":"C:\\Users\\ryrco\\OneDrive\\Desktop\\Proyecto 1 typescript\\src\\main\\Expense.ts","statementMap":{"0":{"start":{"line":1,"column":0},"end":{"line":1,"column":36}},"1":{"start":{"line":6,"column":8},"end":{"line":6,"column":45}},"2":{"start":{"line":7,"column":8},"end":{"line":7,"column":33}},"3":{"start":{"line":11,"column":8},"end":{"line":11,"column":25}},"4":{"start":{"line":15,"column":8},"end":{"line":15,"column":29}},"5":{"start":{"line":2,"column":0},"end":{"line":2,"column":13}}},"fnMap":{"0":{"name":"(anonymous_0)","decl":{"start":{"line":5,"column":4},"end":{"line":5,"column":16}},"loc":{"start":{"line":5,"column":93},"end":{"line":8,"column":5}}},"1":{"name":"(anonymous_1)","decl":{"start":{"line":10,"column":11},"end":{"line":10,"column":18}},"loc":{"start":{"line":10,"column":18},"end":{"line":12,"column":5}}},"2":{"name":"(anonymous_2)","decl":{"start":{"line":14,"column":11},"end":{"line":14,"column":22}},"loc":{"start":{"line":14,"column":22},"end":{"line":16,"column":5}}}},"branchMap":{},"s":{"0":3,"1":5,"2":5,"3":9,"4":1,"5":3},"f":{"0":5,"1":9,"2":1},"b":{}}
,"C:\\Users\\ryrco\\OneDrive\\Desktop\\Proyecto 1 typescript\\src\\main\\FixedExpense.ts": {"path":"C:\\Users\\ryrco\\OneDrive\\Desktop\\Proyecto 1 typescript\\src\\main\\FixedExpense.ts","statementMap":{"0":{"start":{"line":2,"column":0},"end":{"line":2,"column":36}},"1":{"start":{"line":8,"column":4},"end":{"line":8,"column":41}},"2":{"start":{"line":9,"column":4},"end":{"line":9,"column":33}},"3":{"start":{"line":13,"column":4},"end":{"line":13,"column":27}},"4":{"start":{"line":17,"column":4},"end":{"line":17,"column":24}},"5":{"start":{"line":21,"column":18},"end":{"line":21,"column":28}},"6":{"start":{"line":22,"column":4},"end":{"line":22,"column":46}},"7":{"start":{"line":4,"column":0},"end":{"line":4,"column":13}}},"fnMap":{"0":{"name":"(anonymous_0)","decl":{"start":{"line":7,"column":2},"end":{"line":7,"column":14}},"loc":{"start":{"line":7,"column":93},"end":{"line":10,"column":3}}},"1":{"name":"(anonymous_1)","decl":{"start":{"line":12,"column":9},"end":{"line":12,"column":22}},"loc":{"start":{"line":12,"column":22},"end":{"line":14,"column":3}}},"2":{"name":"(anonymous_2)","decl":{"start":{"line":16,"column":9},"end":{"line":16,"column":16}},"loc":{"start":{"line":16,"column":16},"end":{"line":18,"column":3}}},"3":{"name":"(anonymous_3)","decl":{"start":{"line":20,"column":9},"end":{"line":20,"column":30}},"loc":{"start":{"line":20,"column":30},"end":{"line":23,"column":3}}}},"branchMap":{},"s":{"0":2,"1":31,"2":31,"3":1,"4":13,"5":4,"6":4,"7":2},"f":{"0":31,"1":1,"2":13,"3":4},"b":{}}
,"C:\\Users\\ryrco\\OneDrive\\Desktop\\Proyecto 1 typescript\\src\\main\\Income.ts": {"path":"C:\\Users\\ryrco\\OneDrive\\Desktop\\Proyecto 1 typescript\\src\\main\\Income.ts","statementMap":{"0":{"start":{"line":1,"column":0},"end":{"line":1,"column":36}},"1":{"start":{"line":6,"column":8},"end":{"line":6,"column":45}},"2":{"start":{"line":7,"column":8},"end":{"line":7,"column":29}},"3":{"start":{"line":11,"column":8},"end":{"line":11,"column":24}},"4":{"start":{"line":15,"column":8},"end":{"line":15,"column":27}},"5":{"start":{"line":2,"column":0},"end":{"line":2,"column":13}}},"fnMap":{"0":{"name":"(anonymous_0)","decl":{"start":{"line":5,"column":4},"end":{"line":5,"column":16}},"loc":{"start":{"line":5,"column":91},"end":{"line":8,"column":5}}},"1":{"name":"(anonymous_1)","decl":{"start":{"line":10,"column":11},"end":{"line":10,"column":18}},"loc":{"start":{"line":10,"column":18},"end":{"line":12,"column":5}}},"2":{"name":"(anonymous_2)","decl":{"start":{"line":14,"column":11},"end":{"line":14,"column":20}},"loc":{"start":{"line":14,"column":20},"end":{"line":16,"column":5}}}},"branchMap":{},"s":{"0":4,"1":10,"2":10,"3":16,"4":1,"5":4},"f":{"0":10,"1":16,"2":1},"b":{}}
,"C:\\Users\\ryrco\\OneDrive\\Desktop\\Proyecto 1 typescript\\src\\main\\Menu.ts": {"path":"C:\\Users\\ryrco\\OneDrive\\Desktop\\Proyecto 1 typescript\\src\\main\\Menu.ts","statementMap":{"0":{"start":{"line":7,"column":4},"end":{"line":7,"column":27}},"1":{"start":{"line":11,"column":4},"end":{"line":16,"column":6}},"2":{"start":{"line":20,"column":21},"end":{"line":20,"column":47}},"3":{"start":{"line":22,"column":4},"end":{"line":24,"column":5}},"4":{"start":{"line":23,"column":6},"end":{"line":23,"column":40}},"5":{"start":{"line":26,"column":17},"end":{"line":26,"column":19}},"6":{"start":{"line":28,"column":4},"end":{"line":30,"column":5}},"7":{"start":{"line":29,"column":6},"end":{"line":29,"column":97}},"8":{"start":{"line":32,"column":4},"end":{"line":32,"column":18}},"9":{"start":{"line":36,"column":19},"end":{"line":36,"column":48}},"10":{"start":{"line":37,"column":20},"end":{"line":37,"column":50}},"11":{"start":{"line":38,"column":20},"end":{"line":38,"column":45}},"12":{"start":{"line":40,"column":4},"end":{"line":44,"column":6}},"13":{"start":{"line":3,"column":0},"end":{"line":3,"column":13}}},"fnMap":{"0":{"name":"(anonymous_0)","decl":{"start":{"line":6,"column":2},"end":{"line":6,"column":14}},"loc":{"start":{"line":6,"column":37},"end":{"line":8,"column":3}}},"1":{"name":"(anonymous_1)","decl":{"start":{"line":10,"column":9},"end":{"line":10,"column":17}},"loc":{"start":{"line":10,"column":17},"end":{"line":17,"column":3}}},"2":{"name":"(anonymous_2)","decl":{"start":{"line":19,"column":9},"end":{"line":19,"column":21}},"loc":{"start":{"line":19,"column":21},"end":{"line":33,"column":3}}},"3":{"name":"(anonymous_3)","decl":{"start":{"line":35,"column":9},"end":{"line":35,"column":20}},"loc":{"start":{"line":35,"column":20},"end":{"line":45,"column":3}}}},"branchMap":{"0":{"loc":{"start":{"line":22,"column":4},"end":{"line":24,"column":5}},"type":"if","locations":[{"start":{"line":22,"column":4},"end":{"line":24,"column":5}},{"start":{},"end":{}}]}},"s":{"0":4,"1":1,"2":2,"3":2,"4":1,"5":1,"6":1,"7":1,"8":1,"9":1,"10":1,"11":1,"12":1,"13":1},"f":{"0":4,"1":1,"2":2,"3":1},"b":{"0":[1,1]}}
,"C:\\Users\\ryrco\\OneDrive\\Desktop\\Proyecto 1 typescript\\src\\main\\Payment.ts": {"path":"C:\\Users\\ryrco\\OneDrive\\Desktop\\Proyecto 1 typescript\\src\\main\\Payment.ts","statementMap":{"0":{"start":{"line":8,"column":8},"end":{"line":8,"column":29}},"1":{"start":{"line":9,"column":8},"end":{"line":9,"column":21}},"2":{"start":{"line":10,"column":8},"end":{"line":10,"column":39}},"3":{"start":{"line":11,"column":8},"end":{"line":11,"column":25}},"4":{"start":{"line":15,"column":8},"end":{"line":15,"column":27}},"5":{"start":{"line":19,"column":8},"end":{"line":19,"column":23}},"6":{"start":{"line":22,"column":8},"end":{"line":22,"column":32}},"7":{"start":{"line":25,"column":8},"end":{"line":25,"column":25}},"8":{"start":{"line":1,"column":0},"end":{"line":1,"column":22}}},"fnMap":{"0":{"name":"(anonymous_0)","decl":{"start":{"line":7,"column":4},"end":{"line":7,"column":16}},"loc":{"start":{"line":7,"column":75},"end":{"line":12,"column":5}}},"1":{"name":"(anonymous_1)","decl":{"start":{"line":14,"column":11},"end":{"line":14,"column":20}},"loc":{"start":{"line":14,"column":20},"end":{"line":16,"column":5}}},"2":{"name":"(anonymous_2)","decl":{"start":{"line":18,"column":11},"end":{"line":18,"column":16}},"loc":{"start":{"line":18,"column":16},"end":{"line":20,"column":5}}},"3":{"name":"(anonymous_3)","decl":{"start":{"line":21,"column":11},"end":{"line":21,"column":25}},"loc":{"start":{"line":21,"column":25},"end":{"line":23,"column":5}}},"4":{"name":"(anonymous_4)","decl":{"start":{"line":24,"column":11},"end":{"line":24,"column":18}},"loc":{"start":{"line":24,"column":18},"end":{"line":26,"column":5}}}},"branchMap":{},"s":{"0":46,"1":46,"2":46,"3":46,"4":19,"5":3,"6":5,"7":5,"8":6},"f":{"0":46,"1":19,"2":3,"3":5,"4":5},"b":{}}
,"C:\\Users\\ryrco\\OneDrive\\Desktop\\Proyecto 1 typescript\\src\\main\\PaymentService.ts": {"path":"C:\\Users\\ryrco\\OneDrive\\Desktop\\Proyecto 1 typescript\\src\\main\\PaymentService.ts","statementMap":{"0":{"start":{"line":6,"column":12},"end":{"line":6,"column":47}},"1":{"start":{"line":9,"column":8},"end":{"line":9,"column":27}},"2":{"start":{"line":13,"column":8},"end":{"line":13,"column":36}},"3":{"start":{"line":17,"column":8},"end":{"line":17,"column":29}},"4":{"start":{"line":21,"column":26},"end":{"line":21,"column":27}},"5":{"start":{"line":23,"column":8},"end":{"line":27,"column":9}},"6":{"start":{"line":24,"column":12},"end":{"line":26,"column":13}},"7":{"start":{"line":25,"column":16},"end":{"line":25,"column":51}},"8":{"start":{"line":29,"column":8},"end":{"line":29,"column":27}},"9":{"start":{"line":33,"column":27},"end":{"line":33,"column":28}},"10":{"start":{"line":35,"column":8},"end":{"line":39,"column":9}},"11":{"start":{"line":36,"column":12},"end":{"line":38,"column":13}},"12":{"start":{"line":37,"column":16},"end":{"line":37,"column":52}},"13":{"start":{"line":41,"column":8},"end":{"line":41,"column":28}},"14":{"start":{"line":45,"column":8},"end":{"line":45,"column":62}},"15":{"start":{"line":49,"column":8},"end":{"line":49,"column":41}},"16":{"start":{"line":53,"column":8},"end":{"line":53,"column":34}},"17":{"start":{"line":58,"column":8},"end":{"line":60,"column":10}},"18":{"start":{"line":59,"column":12},"end":{"line":59,"column":43}},"19":{"start":{"line":65,"column":20},"end":{"line":65,"column":21}},"20":{"start":{"line":68,"column":8},"end":{"line":81,"column":9}},"21":{"start":{"line":69,"column":25},"end":{"line":69,"column":42}},"22":{"start":{"line":71,"column":12},"end":{"line":80,"column":13}},"23":{"start":{"line":75,"column":16},"end":{"line":79,"column":17}},"24":{"start":{"line":76,"column":20},"end":{"line":76,"column":49}},"25":{"start":{"line":77,"column":23},"end":{"line":79,"column":17}},"26":{"start":{"line":78,"column":20},"end":{"line":78,"column":49}},"27":{"start":{"line":84,"column":30},"end":{"line":84,"column":60}},"28":{"start":{"line":86,"column":8},"end":{"line":88,"column":9}},"29":{"start":{"line":87,"column":12},"end":{"line":87,"column":41}},"30":{"start":{"line":90,"column":8},"end":{"line":90,"column":21}},"31":{"start":{"line":4,"column":0},"end":{"line":4,"column":13}}},"fnMap":{"0":{"name":"(anonymous_0)","decl":{"start":{"line":8,"column":4},"end":{"line":8,"column":null}},"loc":{"start":{"line":8,"column":4},"end":{"line":10,"column":5}}},"1":{"name":"(anonymous_1)","decl":{"start":{"line":12,"column":11},"end":{"line":12,"column":21}},"loc":{"start":{"line":12,"column":38},"end":{"line":14,"column":5}}},"2":{"name":"(anonymous_2)","decl":{"start":{"line":16,"column":11},"end":{"line":16,"column":22}},"loc":{"start":{"line":16,"column":22},"end":{"line":18,"column":5}}},"3":{"name":"(anonymous_3)","decl":{"start":{"line":20,"column":11},"end":{"line":20,"column":25}},"loc":{"start":{"line":20,"column":25},"end":{"line":30,"column":5}}},"4":{"name":"(anonymous_4)","decl":{"start":{"line":32,"column":11},"end":{"line":32,"column":26}},"loc":{"start":{"line":32,"column":26},"end":{"line":42,"column":5}}},"5":{"name":"(anonymous_5)","decl":{"start":{"line":44,"column":11},"end":{"line":44,"column":21}},"loc":{"start":{"line":44,"column":21},"end":{"line":46,"column":5}}},"6":{"name":"(anonymous_6)","decl":{"start":{"line":48,"column":11},"end":{"line":48,"column":26}},"loc":{"start":{"line":48,"column":48},"end":{"line":50,"column":5}}},"7":{"name":"(anonymous_7)","decl":{"start":{"line":52,"column":11},"end":{"line":52,"column":27}},"loc":{"start":{"line":52,"column":27},"end":{"line":54,"column":5}}},"8":{"name":"(anonymous_8)","decl":{"start":{"line":57,"column":11},"end":{"line":57,"column":34}},"loc":{"start":{"line":57,"column":34},"end":{"line":61,"column":5}}},"9":{"name":"(anonymous_9)","decl":{"start":{"line":58,"column":41},"end":{"line":58,"column":48}},"loc":{"start":{"line":59,"column":12},"end":{"line":59,"column":43}}},"10":{"name":"(anonymous_10)","decl":{"start":{"line":64,"column":11},"end":{"line":64,"column":28}},"loc":{"start":{"line":64,"column":56},"end":{"line":91,"column":5}}}},"branchMap":{"0":{"loc":{"start":{"line":24,"column":12},"end":{"line":26,"column":13}},"type":"if","locations":[{"start":{"line":24,"column":12},"end":{"line":26,"column":13}},{"start":{},"end":{}}]},"1":{"loc":{"start":{"line":36,"column":12},"end":{"line":38,"column":13}},"type":"if","locations":[{"start":{"line":36,"column":12},"end":{"line":38,"column":13}},{"start":{},"end":{}}]},"2":{"loc":{"start":{"line":71,"column":12},"end":{"line":80,"column":13}},"type":"if","locations":[{"start":{"line":71,"column":12},"end":{"line":80,"column":13}},{"start":{},"end":{}}]},"3":{"loc":{"start":{"line":72,"column":16},"end":{"line":73,"column":43}},"type":"binary-expr","locations":[{"start":{"line":72,"column":16},"end":{"line":72,"column":41}},{"start":{"line":73,"column":16},"end":{"line":73,"column":43}}]},"4":{"loc":{"start":{"line":75,"column":16},"end":{"line":79,"column":17}},"type":"if","locations":[{"start":{"line":75,"column":16},"end":{"line":79,"column":17}},{"start":{"line":77,"column":23},"end":{"line":79,"column":17}}]},"5":{"loc":{"start":{"line":77,"column":23},"end":{"line":79,"column":17}},"type":"if","locations":[{"start":{"line":77,"column":23},"end":{"line":79,"column":17}},{"start":{},"end":{}}]}},"s":{"0":11,"1":11,"2":11,"3":3,"4":4,"5":4,"6":8,"7":6,"8":4,"9":4,"10":4,"11":8,"12":2,"13":4,"14":2,"15":5,"16":1,"17":4,"18":3,"19":3,"20":3,"21":3,"22":3,"23":2,"24":1,"25":1,"26":1,"27":3,"28":3,"29":1,"30":3,"31":3},"f":{"0":11,"1":11,"2":3,"3":4,"4":4,"5":2,"6":5,"7":1,"8":4,"9":3,"10":3},"b":{"0":[6,2],"1":[2,6],"2":[2,1],"3":[3,2],"4":[1,1],"5":[1,0]}}
}
