TN:
SF:src\main\Expense.ts
FN:5,(anonymous_0)
FN:10,(anonymous_1)
FN:14,(anonymous_2)
FNF:3
FNH:3
FNDA:5,(anonymous_0)
FNDA:9,(anonymous_1)
FNDA:1,(anonymous_2)
DA:1,3
DA:2,3
DA:6,5
DA:7,5
DA:11,9
DA:15,1
LF:6
LH:6
BRF:0
BRH:0
end_of_record
TN:
SF:src\main\FixedExpense.ts
FN:7,(anonymous_0)
FN:12,(anonymous_1)
FN:16,(anonymous_2)
FN:20,(anonymous_3)
FNF:4
FNH:4
FNDA:31,(anonymous_0)
FNDA:1,(anonymous_1)
FNDA:13,(anonymous_2)
FNDA:4,(anonymous_3)
DA:2,2
DA:4,2
DA:8,31
DA:9,31
DA:13,1
DA:17,13
DA:21,4
DA:22,4
LF:8
LH:8
BRF:0
BRH:0
end_of_record
TN:
SF:src\main\Income.ts
FN:5,(anonymous_0)
FN:10,(anonymous_1)
FN:14,(anonymous_2)
FNF:3
FNH:3
FNDA:10,(anonymous_0)
FNDA:16,(anonymous_1)
FNDA:1,(anonymous_2)
DA:1,4
DA:2,4
DA:6,10
DA:7,10
DA:11,16
DA:15,1
LF:6
LH:6
BRF:0
BRH:0
end_of_record
TN:
SF:src\main\Menu.ts
FN:6,(anonymous_0)
FN:10,(anonymous_1)
FN:19,(anonymous_2)
FN:35,(anonymous_3)
FNF:4
FNH:4
FNDA:4,(anonymous_0)
FNDA:1,(anonymous_1)
FNDA:2,(anonymous_2)
FNDA:1,(anonymous_3)
DA:3,1
DA:7,4
DA:11,1
DA:20,2
DA:22,2
DA:23,1
DA:26,1
DA:28,1
DA:29,1
DA:32,1
DA:36,1
DA:37,1
DA:38,1
DA:40,1
LF:14
LH:14
BRDA:22,0,0,1
BRDA:22,0,1,1
BRF:2
BRH:2
end_of_record
TN:
SF:src\main\Payment.ts
FN:7,(anonymous_0)
FN:14,(anonymous_1)
FN:18,(anonymous_2)
FN:21,(anonymous_3)
FN:24,(anonymous_4)
FNF:5
FNH:5
FNDA:46,(anonymous_0)
FNDA:19,(anonymous_1)
FNDA:3,(anonymous_2)
FNDA:5,(anonymous_3)
FNDA:5,(anonymous_4)
DA:1,6
DA:8,46
DA:9,46
DA:10,46
DA:11,46
DA:15,19
DA:19,3
DA:22,5
DA:25,5
LF:9
LH:9
BRF:0
BRH:0
end_of_record
TN:
SF:src\main\PaymentService.ts
FN:8,(anonymous_0)
FN:12,(anonymous_1)
FN:16,(anonymous_2)
FN:20,(anonymous_3)
FN:32,(anonymous_4)
FN:44,(anonymous_5)
FN:48,(anonymous_6)
FN:52,(anonymous_7)
FN:57,(anonymous_8)
FN:58,(anonymous_9)
FN:64,(anonymous_10)
FNF:11
FNH:11
FNDA:11,(anonymous_0)
FNDA:11,(anonymous_1)
FNDA:3,(anonymous_2)
FNDA:4,(anonymous_3)
FNDA:4,(anonymous_4)
FNDA:2,(anonymous_5)
FNDA:5,(anonymous_6)
FNDA:1,(anonymous_7)
FNDA:4,(anonymous_8)
FNDA:3,(anonymous_9)
FNDA:3,(anonymous_10)
DA:4,3
DA:6,11
DA:9,11
DA:13,11
DA:17,3
DA:21,4
DA:23,4
DA:24,8
DA:25,6
DA:29,4
DA:33,4
DA:35,4
DA:36,8
DA:37,2
DA:41,4
DA:45,2
DA:49,5
DA:53,1
DA:58,4
DA:59,3
DA:65,3
DA:68,3
DA:69,3
DA:71,3
DA:75,2
DA:76,1
DA:77,1
DA:78,1
DA:84,3
DA:86,3
DA:87,1
DA:90,3
LF:32
LH:32
BRDA:24,0,0,6
BRDA:24,0,1,2
BRDA:36,1,0,2
BRDA:36,1,1,6
BRDA:71,2,0,2
BRDA:71,2,1,1
BRDA:72,3,0,3
BRDA:72,3,1,2
BRDA:75,4,0,1
BRDA:75,4,1,1
BRDA:77,5,0,1
BRDA:77,5,1,0
BRF:12
BRH:11
end_of_record
