TN:
SF:src\main\Expense.ts
FN:5,(anonymous_0)
FN:10,(anonymous_1)
FN:14,(anonymous_2)
FNF:3
FNH:3
FNDA:4,(anonymous_0)
FNDA:7,(anonymous_1)
FNDA:1,(anonymous_2)
DA:1,3
DA:2,3
DA:6,4
DA:7,4
DA:11,7
DA:15,1
LF:6
LH:6
BRF:0
BRH:0
end_of_record
TN:
SF:src\main\Income.ts
FN:5,(anonymous_0)
FN:10,(anonymous_1)
FN:14,(anonymous_2)
FNF:3
FNH:3
FNDA:6,(anonymous_0)
FNDA:10,(anonymous_1)
FNDA:1,(anonymous_2)
DA:1,3
DA:2,3
DA:6,6
DA:7,6
DA:11,10
DA:15,1
LF:6
LH:6
BRF:0
BRH:0
end_of_record
TN:
SF:src\main\Payment.ts
FN:7,(anonymous_0)
FN:14,(anonymous_1)
FN:18,(anonymous_2)
FN:21,(anonymous_3)
FN:24,(anonymous_4)
FNF:5
FNH:5
FNDA:10,(anonymous_0)
FNDA:10,(anonymous_1)
FNDA:2,(anonymous_2)
FNDA:4,(anonymous_3)
FNDA:2,(anonymous_4)
DA:1,4
DA:8,10
DA:9,10
DA:10,10
DA:11,10
DA:15,10
DA:19,2
DA:22,4
DA:25,2
LF:9
LH:9
BRF:0
BRH:0
end_of_record
TN:
SF:src\main\PaymentService.ts
FN:4,(anonymous_0)
FN:8,(anonymous_1)
FN:12,(anonymous_2)
FN:16,(anonymous_3)
FN:28,(anonymous_4)
FN:40,(anonymous_5)
FNF:6
FNH:6
FNDA:2,(anonymous_0)
FNDA:6,(anonymous_1)
FNDA:1,(anonymous_2)
FNDA:2,(anonymous_3)
FNDA:2,(anonymous_4)
FNDA:1,(anonymous_5)
DA:2,1
DA:5,2
DA:9,6
DA:13,1
DA:17,2
DA:19,2
DA:20,6
DA:21,4
DA:25,2
DA:29,2
DA:31,2
DA:32,6
DA:33,2
DA:37,2
DA:41,1
LF:15
LH:15
BRDA:20,0,0,4
BRDA:20,0,1,2
BRDA:32,1,0,2
BRDA:32,1,1,4
BRF:4
BRH:4
end_of_record
